2022-01-17 11:11:52,484  INFO [main] OutstationStepDef:14 - URL Opened
2022-01-17 11:11:53,683  INFO [main] OutstationStepDef:14 - car rental is clicked in page home page
2022-01-17 11:12:00,440  INFO [main] OutstationStepDef:14 - name is clicked in page namebox
2022-01-17 11:12:01,248  INFO [main] OutstationStepDef:14 - name is send in page namebox
2022-01-17 11:12:02,267  INFO [main] OutstationStepDef:14 - company name is clicked in page compnamebox
2022-01-17 11:12:03,050  INFO [main] OutstationStepDef:14 - company name is send in page compnamebox
2022-01-17 11:12:03,966  INFO [main] OutstationStepDef:14 - email is clicked in page emailbox
2022-01-17 11:12:04,752  INFO [main] OutstationStepDef:14 - email is send in page emailbox
2022-01-17 11:12:05,681  INFO [main] OutstationStepDef:14 - phone no is clicked in page phonenobox
2022-01-17 11:12:06,479  INFO [main] OutstationStepDef:14 - phone no is send in page phonenobox
2022-01-17 11:12:07,665  INFO [main] OutstationStepDef:14 - submit is clicked in page carrental
2022-01-17 11:12:28,586  INFO [main] OutstationStepDef:14 - result detail shown 
2022-01-17 11:12:29,577  INFO [main] OutstationStepDef:14 - home button is clicked in page home page
2022-01-17 11:12:50,462  INFO [main] ValidpageStepDef:14 - URL Opened
2022-01-17 11:12:51,393  INFO [main] ValidpageStepDef:14 - One way cab is clicked in page home page
2022-01-17 11:13:04,296  INFO [main] ValidpageStepDef:14 - chennaitab is clicked in page onewaycab
2022-01-17 11:13:06,930  INFO [main] ValidpageStepDef:14 - trl is clicked in page chntab
2022-01-17 11:13:17,108  INFO [main] ValidpageStepDef:14 - home button is clicked in page home page
2022-01-17 11:13:37,439  INFO [main] ValidpageStepDef:14 - URL Opened
2022-01-17 11:13:38,259  INFO [main] ValidpageStepDef:14 - signin is clicked in page home page
2022-01-17 11:13:44,060  INFO [main] ValidpageStepDef:14 - Email field is send in page Account Log in
2022-01-17 11:13:44,524  INFO [main] ValidpageStepDef:14 - password field is send in page Account Log in
2022-01-17 11:13:45,164  INFO [main] ValidpageStepDef:14 - sign in button is clicked in page Account Log in
2022-01-17 11:13:47,769  INFO [main] ValidpageStepDef:14 - Successfully logged in
2022-01-17 11:14:03,389  INFO [main] OutstationStepDef:14 - URL Opened
2022-01-17 11:14:04,178  INFO [main] OutstationStepDef:14 - signin is clicked in page home page
2022-01-17 11:14:09,773  INFO [main] OutstationStepDef:14 - Email field is send in page Account Log in
2022-01-17 11:14:10,246  INFO [main] OutstationStepDef:14 - password field is send in page Account Log in
2022-01-17 11:14:10,919  INFO [main] OutstationStepDef:14 - sign in button is clicked in page Account Log in
2022-01-17 11:14:11,440 ERROR [main] OutstationStepDef:21 - signout is not able clicked in page home page
2022-01-17 11:14:23,855  INFO [main] ValidpageStepDef:14 - URL Opened
2022-01-17 11:14:24,744  INFO [main] ValidpageStepDef:14 - airport is clicked in page home page
2022-01-17 11:14:25,874  INFO [main] ValidpageStepDef:14 - from place is clicked in page Airport
2022-01-17 11:14:26,542  INFO [main] ValidpageStepDef:14 - from place is send in page Airport
2022-01-17 11:14:27,285  INFO [main] ValidpageStepDef:14 - from place is clicked in page Airport
2022-01-17 11:14:28,313  INFO [main] ValidpageStepDef:14 - pickupaddress is clicked in page airport
2022-01-17 11:14:28,909  INFO [main] ValidpageStepDef:14 - pickupaddress is send in page airport
2022-01-17 11:14:31,910  INFO [main] ValidpageStepDef:14 - pickupaddress is clicked in page airport
2022-01-17 11:14:35,256  INFO [main] ValidpageStepDef:14 - select car is clicked in page airport
2022-01-17 11:14:38,110  INFO [main] ValidpageStepDef:14 - select car is clicked in page carpage
2022-01-17 11:14:40,536  INFO [main] ValidpageStepDef:14 - booking detail shown 
2022-01-17 11:14:41,166  INFO [main] ValidpageStepDef:14 - home button is clicked in page home page
2022-01-17 11:14:56,666  INFO [main] DownloadappStepDef:14 - URL Opened
2022-01-17 11:14:58,383  INFO [main] DownloadappStepDef:14 - playstore is clicked in page home page
2022-01-17 11:15:03,486  INFO [main] DownloadappStepDef:14 - playsrore detail shown 
2022-01-17 11:15:04,226  INFO [main] DownloadappStepDef:14 - home button is clicked in page home page
2022-01-17 11:15:16,982  INFO [main] ValidpageStepDef:14 - URL Opened
2022-01-17 11:15:17,871  INFO [main] ValidpageStepDef:14 - local is clicked in page home page
2022-01-17 11:15:18,792  INFO [main] ValidpageStepDef:14 - from place is clicked in page local
2022-01-17 11:15:19,726  INFO [main] ValidpageStepDef:14 - from place is send in page frombox
2022-01-17 11:15:23,559  INFO [main] ValidpageStepDef:14 - select car is clicked in page local
2022-01-17 11:15:26,144  INFO [main] ValidpageStepDef:14 - time is clicked in page car page
2022-01-17 11:15:26,940  INFO [main] ValidpageStepDef:14 - select car is clicked in page car page
2022-01-17 11:15:27,892  INFO [main] ValidpageStepDef:14 - booking detail shown 
2022-01-17 11:15:28,543  INFO [main] ValidpageStepDef:14 - home button is clicked in page home page
2022-01-17 11:15:40,908  INFO [main] OutstationStepDef:14 - URL Opened
2022-01-17 11:15:41,700  INFO [main] OutstationStepDef:14 - from place is clicked in page outstation
2022-01-17 11:15:42,334  INFO [main] OutstationStepDef:14 - from place is send in page frombox
2022-01-17 11:15:43,072  INFO [main] OutstationStepDef:14 - to place is clicked in page outstation
2022-01-17 11:15:43,888  INFO [main] OutstationStepDef:14 - to place is send in page to box
2022-01-17 11:15:44,611  INFO [main] OutstationStepDef:14 - to place is clicked in page outstation
2022-01-17 11:15:49,586  INFO [main] OutstationStepDef:14 - select car is clicked in page outstation
2022-01-17 11:15:51,819  INFO [main] OutstationStepDef:14 - Successfully verified
2022-01-17 11:15:54,472  INFO [main] OutstationStepDef:14 - home button is clicked in page home page
2022-01-17 11:16:13,183  INFO [main] ValidpageStepDef:14 - URL Opened
2022-01-17 11:16:16,005  INFO [main] ValidpageStepDef:14 - round is clicked in page homepage
2022-01-17 11:16:16,860  INFO [main] ValidpageStepDef:14 - from place is clicked in page homepage
2022-01-17 11:16:17,484  INFO [main] ValidpageStepDef:14 - from place is send in page frombox
2022-01-17 11:16:18,266  INFO [main] ValidpageStepDef:14 - to place is clicked in page roundtrip
2022-01-17 11:16:19,157  INFO [main] ValidpageStepDef:14 - to place is send in page to box
2022-01-17 11:16:19,879  INFO [main] ValidpageStepDef:14 - to place is clicked in page roundtrip
2022-01-17 11:16:25,681  INFO [main] ValidpageStepDef:14 - select car is clicked in page roundtrip
2022-01-17 11:16:28,551  INFO [main] ValidpageStepDef:14 - select car is clicked in page car page
2022-01-17 11:16:29,855  INFO [main] ValidpageStepDef:14 - booking detail shown 
2022-01-17 11:16:30,515  INFO [main] ValidpageStepDef:14 - home button is clicked in page home page
2022-01-17 11:16:51,070  INFO [main] ValidpageStepDef:14 - URL Opened
2022-01-17 11:16:51,591  INFO [main] ValidpageStepDef:14 - Page opend with title Book Outstation Cabs, Local & Airport Taxi Service - India's Leading Car Rentals
